<?xml version="1.0" encoding="UTF-8" ?>
<testsuite tests="1" failures="0" name="br.com.fruteira.test.HibernateUtilTest" time="0.758" errors="1" skipped="0">
  <properties>
[...]
</properties>
  <testcase classname="br.com.fruteira.test.HibernateUtilTest" name="conectar" time="0.758">
    <error type="java.lang.ExceptionInInitializerError">java.lang.ExceptionInInitializerError
	at br.com.fruteira.util.HibernateUtil.criarFabricaDeSessoes(HibernateUtil.java:29)
	at br.com.fruteira.util.HibernateUtil.&lt;clinit&gt;(HibernateUtil.java:12)
	at br.com.fruteira.test.HibernateUtilTest.conectar(HibernateUtilTest.java:11)
	at java.base/jdk.internal.reflect.NativeMethodAccessorImpl.invoke0(Native Method)
	at java.base/jdk.internal.reflect.NativeMethodAccessorImpl.invoke(NativeMethodAccessorImpl.java:64)
	at java.base/jdk.internal.reflect.DelegatingMethodAccessorImpl.invoke(DelegatingMethodAccessorImpl.java:43)
	at java.base/java.lang.reflect.Method.invoke(Method.java:564)
	at org.junit.runners.model.FrameworkMethod$1.runReflectiveCall(FrameworkMethod.java:50)
	at org.junit.internal.runners.model.ReflectiveCallable.run(ReflectiveCallable.java:12)
	at org.junit.runners.model.FrameworkMethod.invokeExplosively(FrameworkMethod.java:47)
	at org.junit.internal.runners.statements.InvokeMethod.evaluate(InvokeMethod.java:17)
	at org.junit.runners.ParentRunner.runLeaf(ParentRunner.java:325)
	at org.junit.runners.BlockJUnit4ClassRunner.runChild(BlockJUnit4ClassRunner.java:78)
	at org.junit.runners.BlockJUnit4ClassRunner.runChild(BlockJUnit4ClassRunner.java:57)
	at org.junit.runners.ParentRunner$3.run(ParentRunner.java:290)
	at org.junit.runners.ParentRunner$1.schedule(ParentRunner.java:71)
	at org.junit.runners.ParentRunner.runChildren(ParentRunner.java:288)
	at org.junit.runners.ParentRunner.access$000(ParentRunner.java:58)
	at org.junit.runners.ParentRunner$2.evaluate(ParentRunner.java:268)
	at org.junit.runners.ParentRunner.run(ParentRunner.java:363)
	at org.apache.maven.surefire.junit4.JUnit4Provider.execute(JUnit4Provider.java:252)
	at org.apache.maven.surefire.junit4.JUnit4Provider.executeTestSet(JUnit4Provider.java:141)
	at org.apache.maven.surefire.junit4.JUnit4Provider.invoke(JUnit4Provider.java:112)
	at java.base/jdk.internal.reflect.NativeMethodAccessorImpl.invoke0(Native Method)
	at java.base/jdk.internal.reflect.NativeMethodAccessorImpl.invoke(NativeMethodAccessorImpl.java:64)
	at java.base/jdk.internal.reflect.DelegatingMethodAccessorImpl.invoke(DelegatingMethodAccessorImpl.java:43)
	at java.base/java.lang.reflect.Method.invoke(Method.java:564)
	at org.apache.maven.surefire.util.ReflectionUtils.invokeMethodWithArray(ReflectionUtils.java:189)
	at org.apache.maven.surefire.booter.ProviderFactory$ProviderProxy.invoke(ProviderFactory.java:165)
	at org.apache.maven.surefire.booter.ProviderFactory.invokeProvider(ProviderFactory.java:85)
	at org.apache.maven.surefire.booter.ForkedBooter.runSuitesInProcess(ForkedBooter.java:115)
	at org.apache.maven.surefire.booter.ForkedBooter.main(ForkedBooter.java:75)
Caused by: org.hibernate.MappingException: Unable to load class [ br.com.financeiro.domain.Estado] declared in Hibernate configuration &lt;mapping/&gt; entry
	at org.hibernate.cfg.Configuration.parseMappingElement(Configuration.java:2281)
	at org.hibernate.cfg.Configuration.parseSessionFactory(Configuration.java:2229)
	at org.hibernate.cfg.Configuration.doConfigure(Configuration.java:2209)
	at org.hibernate.cfg.Configuration.doConfigure(Configuration.java:2162)
	at org.hibernate.cfg.Configuration.configure(Configuration.java:2077)
	at org.hibernate.cfg.Configuration.configure(Configuration.java:2056)
	at br.com.fruteira.util.HibernateUtil.criarFabricaDeSessoes(HibernateUtil.java:20)
	... 31 more
Caused by: java.lang.ClassNotFoundException: br.com.financeiro.domain.Estado
	at java.base/jdk.internal.loader.BuiltinClassLoader.loadClass(BuiltinClassLoader.java:606)
	at java.base/jdk.internal.loader.ClassLoaders$AppClassLoader.loadClass(ClassLoaders.java:168)
	at java.base/java.lang.ClassLoader.loadClass(ClassLoader.java:522)
	at java.base/java.lang.Class.forName0(Native Method)
	at java.base/java.lang.Class.forName(Class.java:377)
	at org.hibernate.internal.util.ReflectHelper.classForName(ReflectHelper.java:193)
	at org.hibernate.cfg.Configuration.parseMappingElement(Configuration.java:2278)
	... 37 more
</error>
    <system-err>set. 12, 2022 5:00:50 AM org.hibernate.annotations.common.reflection.java.JavaReflectionManager &lt;clinit&gt;
INFO: HCANN000001: Hibernate Commons Annotations {4.0.5.Final}
set. 12, 2022 5:00:50 AM org.hibernate.Version logVersion
INFO: HHH000412: Hibernate Core {4.3.11.Final}
set. 12, 2022 5:00:50 AM org.hibernate.cfg.Environment &lt;clinit&gt;
INFO: HHH000206: hibernate.properties not found
set. 12, 2022 5:00:50 AM org.hibernate.cfg.Environment buildBytecodeProvider
INFO: HHH000021: Bytecode provider name : javassist
set. 12, 2022 5:00:50 AM org.hibernate.cfg.Configuration configure
INFO: HHH000043: Configuring from resource: /hibernate.cfg.xml
set. 12, 2022 5:00:50 AM org.hibernate.cfg.Configuration getConfigurationInputStream
INFO: HHH000040: Configuration resource: /hibernate.cfg.xml
A conexão não foi criada.org.hibernate.MappingException: Unable to load class [ br.com.financeiro.domain.Estado] declared in Hibernate configuration &lt;mapping/&gt; entry
</system-err>
  </testcase>
</testsuite>